Calculator/build/outputs/logs/manifest-merger-debug-report.txt
-- Merging decision tree log ---
manifest
ADDED from src\main\AndroidManifest.xml:2:1-37:12
	package
		ADDED from src\main\AndroidManifest.xml:3:5-29
		INJECTED from src\main\AndroidManifest.xml
		INJECTED from src\main\AndroidManifest.xml
	android:versionName
		ADDED from src\main\AndroidManifest.xml:5:5-30
		INJECTED from src\main\AndroidManifest.xml
		INJECTED from src\main\AndroidManifest.xml
	android:versionCode
		ADDED from src\main\AndroidManifest.xml:4:5-28
		INJECTED from src\main\AndroidManifest.xml
		INJECTED from src\main\AndroidManifest.xml
	xmlns:android
		ADDED from src\main\AndroidManifest.xml:2:11-69
	android:installLocation
		ADDED from src\main\AndroidManifest.xml:6:5-35
uses-sdk
ADDED from src\main\AndroidManifest.xml:8:5-73
	android:targetSdkVersion
		ADDED from src\main\AndroidManifest.xml:8:42-71
		INJECTED from src\main\AndroidManifest.xml
		INJECTED from src\main\AndroidManifest.xml
	android:minSdkVersion
		ADDED from src\main\AndroidManifest.xml:8:15-41
		INJECTED from src\main\AndroidManifest.xml
		INJECTED from src\main\AndroidManifest.xml
application
ADDED from src\main\AndroidManifest.xml:10:5-36:19
	android:label
		ADDED from src\main\AndroidManifest.xml:10:18-50
	android:allowBackup
		ADDED from src\main\AndroidManifest.xml:10:97-123
	android:icon
		ADDED from src\main\AndroidManifest.xml:10:51-96
uses-library#com.sec.android.app.multiwindow
ADDED from src\main\AndroidManifest.xml:11:9-97
	android:required
		ADDED from src\main\AndroidManifest.xml:11:23-47
	android:name
		ADDED from src\main\AndroidManifest.xml:11:48-94
meta-data#com.sec.android.support.multiwindow
ADDED from src\main\AndroidManifest.xml:12:9-94
	android:value
		ADDED from src\main\AndroidManifest.xml:12:71-91
	android:name
		ADDED from src\main\AndroidManifest.xml:12:20-70
meta-data#com.sec.android.multiwindow.DEFAULT_SIZE_W
ADDED from src\main\AndroidManifest.xml:13:9-124
	android:resource
		ADDED from src\main\AndroidManifest.xml:13:78-121
	android:name
		ADDED from src\main\AndroidManifest.xml:13:20-77
meta-data#com.sec.android.multiwindow.DEFAULT_SIZE_H
ADDED from src\main\AndroidManifest.xml:14:9-124
	android:resource
		ADDED from src\main\AndroidManifest.xml:14:78-121
	android:name
		ADDED from src\main\AndroidManifest.xml:14:20-77
meta-data#com.sec.android.multiwindow.MINIMUM_SIZE_W
ADDED from src\main\AndroidManifest.xml:15:9-124
	android:resource
		ADDED from src\main\AndroidManifest.xml:15:78-121
	android:name
		ADDED from src\main\AndroidManifest.xml:15:20-77
meta-data#com.sec.android.multiwindow.MINIMUM_SIZE_H
ADDED from src\main\AndroidManifest.xml:16:9-124
	android:resource
		ADDED from src\main\AndroidManifest.xml:16:78-121
	android:name
		ADDED from src\main\AndroidManifest.xml:16:20-77
activity#com.android2.calculator3.Calculator
ADDED from src\main\AndroidManifest.xml:17:9-28:20
	android:exported
		ADDED from src\main\AndroidManifest.xml:20:19-42
	android:windowSoftInputMode
		ADDED from src\main\AndroidManifest.xml:19:19-66
	android:theme
		ADDED from src\main\AndroidManifest.xml:18:19-58
	android:name
		ADDED from src\main\AndroidManifest.xml:17:19-69
intent-filter#android.intent.action.MAIN+android.intent.category.APP_CALCULATOR+android.intent.category.DEFAULT+android.intent.category.LAUNCHER+android.intent.category.MULTIWINDOW_LAUNCHER
ADDED from src\main\AndroidManifest.xml:21:13-27:29
action#android.intent.action.MAIN
ADDED from src\main\AndroidManifest.xml:22:17-69
	android:name
		ADDED from src\main\AndroidManifest.xml:22:25-66
category#android.intent.category.DEFAULT
ADDED from src\main\AndroidManifest.xml:23:17-76
	android:name
		ADDED from src\main\AndroidManifest.xml:23:27-73
category#android.intent.category.LAUNCHER
ADDED from src\main\AndroidManifest.xml:24:17-77
	android:name
		ADDED from src\main\AndroidManifest.xml:24:27-74
category#android.intent.category.APP_CALCULATOR
ADDED from src\main\AndroidManifest.xml:25:17-83
	android:name
		ADDED from src\main\AndroidManifest.xml:25:27-80
category#android.intent.category.MULTIWINDOW_LAUNCHER
ADDED from src\main\AndroidManifest.xml:26:17-89
	android:name
		ADDED from src\main\AndroidManifest.xml:26:27-86
activity#com.android2.calculator3.Preferences
ADDED from src\main\AndroidManifest.xml:29:9-106
	android:label
		ADDED from src\main\AndroidManifest.xml:29:71-103
	android:name
		ADDED from src\main\AndroidManifest.xml:29:19-70
receiver#com.android2.calculator3.CalculatorWidget
ADDED from src\main\AndroidManifest.xml:30:9-35:20
	android:name
		ADDED from src\main\AndroidManifest.xml:30:19-75
intent-filter#android.appwidget.action.APPWIDGET_UPDATE
ADDED from src\main\AndroidManifest.xml:31:13-33:29
action#android.appwidget.action.APPWIDGET_UPDATE
ADDED from src\main\AndroidManifest.xml:32:17-84
	android:name
		ADDED from src\main\AndroidManifest.xml:32:25-81
meta-data#android.appwidget.provider
ADDED from src\main\AndroidManifest.xml:34:13-115
	android:resource
		ADDED from src\main\AndroidManifest.xml:34:66-112
	android:name
		ADDED from src\main\AndroidManifest.xml:34:24-65